<?xml version="1.0" encoding="UTF-8"?>
<!-- Generated by org.testng.reporters.JUnitReportReporter -->
<testsuite hostname="Charulatha" failures="0" tests="3" name="com.testng.practice.Demo4Ann" time="0.016" errors="0" timestamp="2025-03-22T22:55:55 IST" skipped="0">
  <testcase classname="com.testng.practice.Demo4Ann" name="fun3" time="0.004"/>
  <testcase classname="com.testng.practice.Demo4Ann" name="fun1" time="0.007"/>
  <testcase classname="com.testng.practice.Demo4Ann" name="fun2" time="0.005"/>
</testsuite> <!-- com.testng.practice.Demo4Ann -->
