<?xml version="1.0" encoding="UTF-8"?>
<!-- Generated by org.testng.reporters.JUnitReportReporter -->
<testsuite hostname="Charulatha" failures="0" tests="5" name="com.testng.practice.Demo3" time="0.040" errors="0" timestamp="2025-03-22T22:42:21 IST" skipped="0">
  <testcase classname="com.testng.practice.Demo3" name="f9" time="0.002"/>
  <testcase classname="com.testng.practice.Demo3" name="f9" time="0.002"/>
  <testcase classname="com.testng.practice.Demo3" name="f10" time="0.002"/>
  <testcase classname="com.testng.practice.Demo3" name="f9" time="0.031"/>
  <testcase classname="com.testng.practice.Demo3" name="f11" time="0.003"/>
</testsuite> <!-- com.testng.practice.Demo3 -->
