<?xml version="1.0" encoding="UTF-8"?>
<!-- Generated by org.testng.reporters.JUnitReportReporter -->
<testsuite hostname="Charulatha" failures="0" tests="3" name="com.testng.practice.Demo2" time="0.014" errors="0" timestamp="2025-03-22T19:48:16 IST" skipped="0">
  <testcase classname="com.testng.practice.Demo2" name="f5" time="0.003"/>
  <testcase classname="com.testng.practice.Demo2" name="f6" time="0.007"/>
  <testcase classname="com.testng.practice.Demo2" name="f4" time="0.004"/>
</testsuite> <!-- com.testng.practice.Demo2 -->
