<?xml version="1.0" encoding="UTF-8"?>
<!-- Generated by org.testng.reporters.JUnitReportReporter -->
<testsuite hostname="Charulatha" failures="0" tests="3" name="com.testng.practice.Demo1" time="0.036" errors="0" timestamp="2025-03-22T19:48:16 IST" skipped="0">
  <testcase classname="com.testng.practice.Demo1" name="f" time="0.021"/>
  <testcase classname="com.testng.practice.Demo1" name="f1" time="0.008"/>
  <testcase classname="com.testng.practice.Demo1" name="f2" time="0.007"/>
</testsuite> <!-- com.testng.practice.Demo1 -->
